<?xml version="1.0" encoding="UTF-8"?>
<!-- Generated by org.testng.reporters.JUnitReportReporter -->
<testsuite skipped="1" hostname="Srinivas" name="com.edureka.datadrivenframe.DDTExcel" tests="1" failures="0" timestamp="10 Sep 2018 11:20:41 GMT" time="0.000" errors="0">
  <testcase name="DemoProject" time="0.000" classname="com.edureka.datadrivenframe.DDTExcel">
    <skipped/>
  </testcase> <!-- DemoProject -->
</testsuite> <!-- com.edureka.datadrivenframe.DDTExcel -->
